<?xml version="1.0" encoding="UTF-8"?>
<!-- Generated by org.testng.reporters.JUnitReportReporter -->
<testsuite hostname="DESKTOP-JOB6E77" name="sampleProject.Sample" tests="1" failures="0" timestamp="16 May 2021 16:58:37 GMT" time="0.054" errors="0">
  <testcase name="print" time="0.054" classname="sampleProject.Sample"/>
</testsuite> <!-- sampleProject.Sample -->
