<?xml version="1.0" encoding="UTF-8"?>
<!-- Generated by org.testng.reporters.JUnitReportReporter -->
<testsuite hostname="DESKTOP-JOB6E77" name="testcases.TC_failure_test" tests="1" failures="0" timestamp="17 May 2021 15:04:58 GMT" time="70.547" errors="0">
  <testcase name="t_01_payment_success" time="70.547" classname="testcases.TC_failure_test"/>
</testsuite> <!-- testcases.TC_failure_test -->
