<?xml version="1.0" encoding="UTF-8"?>
<!-- Generated by org.testng.reporters.JUnitReportReporter -->
<testsuite hostname="DESKTOP-JOB6E77" name="testcases.TC_success_test" tests="1" failures="0" timestamp="17 May 2021 14:56:19 GMT" time="60.126" errors="0">
  <testcase name="t_01_payment_success" time="60.126" classname="testcases.TC_success_test"/>
</testsuite> <!-- testcases.TC_success_test -->
